Watching for file changes with StatReloader
"GET / HTTP/1.1" 302 0
"GET /login/?next=/ HTTP/1.1" 200 1518
"POST /login/?next=/ HTTP/1.1" 200 1675
Watching for file changes with StatReloader
"POST /login/?next=/ HTTP/1.1" 302 0
"GET / HTTP/1.1" 200 1476
"GET /create/ HTTP/1.1" 200 1633
Not Found: /.well-known/appspecific/com.chrome.devtools.json
"GET /.well-known/appspecific/com.chrome.devtools.json HTTP/1.1" 404 5073
Watching for file changes with StatReloader
"GET / HTTP/1.1" 302 0
"GET /login/?next=/ HTTP/1.1" 200 1518
Not Found: /.well-known/appspecific/com.chrome.devtools.json
"GET /.well-known/appspecific/com.chrome.devtools.json HTTP/1.1" 404 5073
"POST /login/?next=/ HTTP/1.1" 302 0
"GET / HTTP/1.1" 200 1544
Not Found: /.well-known/appspecific/com.chrome.devtools.json
"GET /.well-known/appspecific/com.chrome.devtools.json HTTP/1.1" 404 5073
"GET / HTTP/1.1" 200 1544
Not Found: /.well-known/appspecific/com.chrome.devtools.json
"GET /.well-known/appspecific/com.chrome.devtools.json HTTP/1.1" 404 5073
"GET /static/js/script.js HTTP/1.1" 200 4336
"GET /static/css/style.css HTTP/1.1" 200 8453
Not Found: /favicon.ico
"GET /favicon.ico HTTP/1.1" 404 4962
"GET / HTTP/1.1" 200 1544
"GET /static/js/script.js HTTP/1.1" 200 4336
"GET /static/css/style.css HTTP/1.1" 200 8453
Not Found: /favicon.ico
"GET /favicon.ico HTTP/1.1" 404 4962
Not Found: /.well-known/appspecific/com.chrome.devtools.json
"GET /.well-known/appspecific/com.chrome.devtools.json HTTP/1.1" 404 5073
"GET / HTTP/1.1" 200 1544
"GET /static/css/style.css HTTP/1.1" 200 8453
"GET /static/js/script.js HTTP/1.1" 200 4336
Not Found: /favicon.ico
"GET /favicon.ico HTTP/1.1" 404 4962
"GET /about/ HTTP/1.1" 200 2856
"GET /contact HTTP/1.1" 200 1976
Not Found: /.well-known/appspecific/com.chrome.devtools.json
"GET /.well-known/appspecific/com.chrome.devtools.json HTTP/1.1" 404 5073
"GET / HTTP/1.1" 200 1544
Not Found: /.well-known/appspecific/com.chrome.devtools.json
"GET /.well-known/appspecific/com.chrome.devtools.json HTTP/1.1" 404 5073
"GET /create/ HTTP/1.1" 200 1633
Not Found: /.well-known/appspecific/com.chrome.devtools.json
"GET /.well-known/appspecific/com.chrome.devtools.json HTTP/1.1" 404 5073
New Task created: Test (User:  hamza)
"POST /create/ HTTP/1.1" 302 0
"GET / HTTP/1.1" 200 2204
Not Found: /.well-known/appspecific/com.chrome.devtools.json
"GET /.well-known/appspecific/com.chrome.devtools.json HTTP/1.1" 404 5073
"GET /update/1 HTTP/1.1" 200 1652
Not Found: /.well-known/appspecific/com.chrome.devtools.json
"GET /.well-known/appspecific/com.chrome.devtools.json HTTP/1.1" 404 5073
"POST /update/1 HTTP/1.1" 302 0
"GET / HTTP/1.1" 200 2213
Not Found: /.well-known/appspecific/com.chrome.devtools.json
"GET /.well-known/appspecific/com.chrome.devtools.json HTTP/1.1" 404 5073
"GET /task/1 HTTP/1.1" 200 1523
Not Found: /.well-known/appspecific/com.chrome.devtools.json
"GET /.well-known/appspecific/com.chrome.devtools.json HTTP/1.1" 404 5073
"GET /task/1 HTTP/1.1" 200 1523
Not Found: /.well-known/appspecific/com.chrome.devtools.json
"GET /.well-known/appspecific/com.chrome.devtools.json HTTP/1.1" 404 5073
"GET /static/css/style.css HTTP/1.1" 200 8453
"GET /static/js/script.js HTTP/1.1" 200 4336
Not Found: /favicon.ico
"GET /favicon.ico HTTP/1.1" 404 4962
"GET /task/1 HTTP/1.1" 200 1523
Not Found: /.well-known/appspecific/com.chrome.devtools.json
"GET /.well-known/appspecific/com.chrome.devtools.json HTTP/1.1" 404 5073
"GET /task/1 HTTP/1.1" 200 1523
Not Found: /.well-known/appspecific/com.chrome.devtools.json
"GET /.well-known/appspecific/com.chrome.devtools.json HTTP/1.1" 404 5073
"GET /static/css/style.css HTTP/1.1" 200 8360
"GET /static/js/script.js HTTP/1.1" 200 4336
Not Found: /favicon.ico
"GET /favicon.ico HTTP/1.1" 404 4962
"GET / HTTP/1.1" 200 2213
Not Found: /.well-known/appspecific/com.chrome.devtools.json
"GET /.well-known/appspecific/com.chrome.devtools.json HTTP/1.1" 404 5073
"GET /static/css/style.css HTTP/1.1" 304 0
"GET /update/1 HTTP/1.1" 200 1660
Not Found: /.well-known/appspecific/com.chrome.devtools.json
"GET /.well-known/appspecific/com.chrome.devtools.json HTTP/1.1" 404 5073
"POST /update/1 HTTP/1.1" 302 0
"GET / HTTP/1.1" 200 2204
Not Found: /.well-known/appspecific/com.chrome.devtools.json
"GET /static/css/style.css HTTP/1.1" 304 0
"GET /.well-known/appspecific/com.chrome.devtools.json HTTP/1.1" 404 5073
"GET /task/1 HTTP/1.1" 200 1520
Not Found: /.well-known/appspecific/com.chrome.devtools.json
"GET /.well-known/appspecific/com.chrome.devtools.json HTTP/1.1" 404 5073
"GET / HTTP/1.1" 200 2204
Not Found: /.well-known/appspecific/com.chrome.devtools.json
"GET /.well-known/appspecific/com.chrome.devtools.json HTTP/1.1" 404 5073
"GET /static/css/style.css HTTP/1.1" 304 0
"GET /delete/1 HTTP/1.1" 200 1255
Not Found: /.well-known/appspecific/com.chrome.devtools.json
"GET /.well-known/appspecific/com.chrome.devtools.json HTTP/1.1" 404 5073
"GET /static/css/style.css HTTP/1.1" 304 0
"POST /delete/1 HTTP/1.1" 302 0
"GET / HTTP/1.1" 200 1544
Not Found: /.well-known/appspecific/com.chrome.devtools.json
"GET /.well-known/appspecific/com.chrome.devtools.json HTTP/1.1" 404 5073
"GET /?filter=active HTTP/1.1" 200 1544
Not Found: /.well-known/appspecific/com.chrome.devtools.json
"GET /.well-known/appspecific/com.chrome.devtools.json HTTP/1.1" 404 5073
"GET /static/css/style.css HTTP/1.1" 304 0
"GET /?filter=completed HTTP/1.1" 200 1544
Not Found: /.well-known/appspecific/com.chrome.devtools.json
"GET /.well-known/appspecific/com.chrome.devtools.json HTTP/1.1" 404 5073
"GET /?filter=all HTTP/1.1" 200 1544
Not Found: /.well-known/appspecific/com.chrome.devtools.json
"GET /.well-known/appspecific/com.chrome.devtools.json HTTP/1.1" 404 5073
"GET /?filter=all HTTP/1.1" 200 1527
Not Found: /.well-known/appspecific/com.chrome.devtools.json
"GET /.well-known/appspecific/com.chrome.devtools.json HTTP/1.1" 404 5073
"GET /static/css/style.css HTTP/1.1" 304 0
"GET /?filter=all HTTP/1.1" 200 1527
Not Found: /.well-known/appspecific/com.chrome.devtools.json
"GET /.well-known/appspecific/com.chrome.devtools.json HTTP/1.1" 404 5073
"GET /?filter=all HTTP/1.1" 200 1529
"GET /static/css/style.css HTTP/1.1" 304 0
Not Found: /.well-known/appspecific/com.chrome.devtools.json
"GET /.well-known/appspecific/com.chrome.devtools.json HTTP/1.1" 404 5073
"GET /logout/ HTTP/1.1" 302 0
"GET /login/ HTTP/1.1" 200 1503
Not Found: /.well-known/appspecific/com.chrome.devtools.json
"GET /.well-known/appspecific/com.chrome.devtools.json HTTP/1.1" 404 5073
"GET /register/ HTTP/1.1" 200 2490
Not Found: /.well-known/appspecific/com.chrome.devtools.json
"GET /.well-known/appspecific/com.chrome.devtools.json HTTP/1.1" 404 5073
"GET /login/ HTTP/1.1" 200 1503
Not Found: /.well-known/appspecific/com.chrome.devtools.json
"GET /.well-known/appspecific/com.chrome.devtools.json HTTP/1.1" 404 5073
"POST /login/ HTTP/1.1" 302 0
"GET / HTTP/1.1" 200 1529
Not Found: /.well-known/appspecific/com.chrome.devtools.json
"GET /.well-known/appspecific/com.chrome.devtools.json HTTP/1.1" 404 5073
"GET /static/css/style.css HTTP/1.1" 304 0
"GET /create/ HTTP/1.1" 200 1618
Not Found: /.well-known/appspecific/com.chrome.devtools.json
"GET /.well-known/appspecific/com.chrome.devtools.json HTTP/1.1" 404 5073
"GET /create/ HTTP/1.1" 200 1618
Not Found: /.well-known/appspecific/com.chrome.devtools.json
"GET /.well-known/appspecific/com.chrome.devtools.json HTTP/1.1" 404 5073
"GET /static/css/style.css HTTP/1.1" 200 8346
"GET /create/ HTTP/1.1" 200 1618
Not Found: /.well-known/appspecific/com.chrome.devtools.json
"GET /.well-known/appspecific/com.chrome.devtools.json HTTP/1.1" 404 5073
"GET /static/css/style.css HTTP/1.1" 200 8346
"GET /static/js/script.js HTTP/1.1" 200 4336
Not Found: /favicon.ico
"GET /favicon.ico HTTP/1.1" 404 4962
"GET /create/ HTTP/1.1" 200 1618
Not Found: /.well-known/appspecific/com.chrome.devtools.json
"GET /.well-known/appspecific/com.chrome.devtools.json HTTP/1.1" 404 5073
"GET /static/css/style.css HTTP/1.1" 200 8369
"GET / HTTP/1.1" 200 1529
Not Found: /.well-known/appspecific/com.chrome.devtools.json
"GET /.well-known/appspecific/com.chrome.devtools.json HTTP/1.1" 404 5073
"GET /static/css/style.css HTTP/1.1" 304 0
"GET / HTTP/1.1" 200 1529
Not Found: /.well-known/appspecific/com.chrome.devtools.json
"GET /.well-known/appspecific/com.chrome.devtools.json HTTP/1.1" 404 5073
"GET /static/css/style.css HTTP/1.1" 200 8430
"GET / HTTP/1.1" 200 1529
Not Found: /.well-known/appspecific/com.chrome.devtools.json
"GET /.well-known/appspecific/com.chrome.devtools.json HTTP/1.1" 404 5073
"GET /static/css/style.css HTTP/1.1" 200 8475
"GET /about/ HTTP/1.1" 200 2841
Not Found: /.well-known/appspecific/com.chrome.devtools.json
"GET /.well-known/appspecific/com.chrome.devtools.json HTTP/1.1" 404 5073
"GET /static/css/style.css HTTP/1.1" 304 0
"GET /contact HTTP/1.1" 200 1961
Not Found: /.well-known/appspecific/com.chrome.devtools.json
"GET /.well-known/appspecific/com.chrome.devtools.json HTTP/1.1" 404 5073
"GET /static/css/style.css HTTP/1.1" 304 0
"GET /contact HTTP/1.1" 200 1961
Not Found: /.well-known/appspecific/com.chrome.devtools.json
"GET /.well-known/appspecific/com.chrome.devtools.json HTTP/1.1" 404 5073
"GET /static/css/style.css HTTP/1.1" 200 8377
"GET /contact HTTP/1.1" 200 1961
"GET /static/css/style.css HTTP/1.1" 200 8377
"GET /static/js/script.js HTTP/1.1" 200 4336
Not Found: /.well-known/appspecific/com.chrome.devtools.json
"GET /.well-known/appspecific/com.chrome.devtools.json HTTP/1.1" 404 5073
Not Found: /favicon.ico
"GET /favicon.ico HTTP/1.1" 404 4962
"GET /contact HTTP/1.1" 200 1961
Not Found: /.well-known/appspecific/com.chrome.devtools.json
"GET /.well-known/appspecific/com.chrome.devtools.json HTTP/1.1" 404 5073
"GET /static/css/style.css HTTP/1.1" 200 8391
"GET /contact HTTP/1.1" 200 1961
Not Found: /.well-known/appspecific/com.chrome.devtools.json
"GET /.well-known/appspecific/com.chrome.devtools.json HTTP/1.1" 404 5073
"GET /static/css/style.css HTTP/1.1" 200 8396
"GET /contact HTTP/1.1" 200 1961
Not Found: /.well-known/appspecific/com.chrome.devtools.json
"GET /.well-known/appspecific/com.chrome.devtools.json HTTP/1.1" 404 5073
"GET /static/css/style.css HTTP/1.1" 200 8377
"GET / HTTP/1.1" 200 1529
"GET /static/css/style.css HTTP/1.1" 304 0
"GET /static/css/style.css HTTP/1.1" 304 0
Not Found: /.well-known/appspecific/com.chrome.devtools.json
"GET /.well-known/appspecific/com.chrome.devtools.json HTTP/1.1" 404 5073
"GET /create/ HTTP/1.1" 200 1618
"GET /static/css/style.css HTTP/1.1" 304 0
"GET / HTTP/1.1" 200 1529
"GET /static/css/style.css HTTP/1.1" 304 0
"GET /create/ HTTP/1.1" 200 1618
"GET /create/ HTTP/1.1" 200 1618
"GET /static/css/style.css HTTP/1.1" 200 8485
"GET /create/ HTTP/1.1" 200 1618
"GET /static/css/style.css HTTP/1.1" 200 8485
"GET /create/ HTTP/1.1" 200 1618
"GET /static/css/style.css HTTP/1.1" 200 8485
"GET /create/ HTTP/1.1" 200 1618
"GET /static/css/style.css HTTP/1.1" 200 8492
New Task created: test (User:  hamza)
"POST /create/ HTTP/1.1" 302 0
"GET / HTTP/1.1" 200 2198
"GET /static/css/style.css HTTP/1.1" 304 0
"GET /create/ HTTP/1.1" 200 1618
"GET /static/css/style.css HTTP/1.1" 304 0
New Task created: qwdwqd (User:  hamza)
"POST /create/ HTTP/1.1" 302 0
"GET / HTTP/1.1" 200 2927
"GET /static/css/style.css HTTP/1.1" 304 0
"GET /?filter=active HTTP/1.1" 200 2190
"GET /?filter=completed HTTP/1.1" 200 2198
"GET /static/css/style.css HTTP/1.1" 304 0
"GET /?filter=active HTTP/1.1" 200 2190
"GET /static/css/style.css HTTP/1.1" 304 0
"GET /?filter=all HTTP/1.1" 200 2927
"GET /?filter=active HTTP/1.1" 200 2190
"GET /static/css/style.css HTTP/1.1" 304 0
"GET /?filter=all HTTP/1.1" 200 2927
"GET /create/ HTTP/1.1" 200 1618
"GET /update/2 HTTP/1.1" 200 1645
"GET /static/css/style.css HTTP/1.1" 304 0
"GET /update/2 HTTP/1.1" 200 1645
"GET /static/css/style.css HTTP/1.1" 304 0
"GET /about/ HTTP/1.1" 200 2841
"GET /static/css/style.css HTTP/1.1" 304 0
"GET /contact HTTP/1.1" 200 1961
"GET /static/css/style.css HTTP/1.1" 304 0
Not Found: /.well-known/appspecific/com.chrome.devtools.json
"GET /.well-known/appspecific/com.chrome.devtools.json HTTP/1.1" 404 5073
"GET /contact HTTP/1.1" 200 1961
"GET /static/css/style.css HTTP/1.1" 200 8498
Not Found: /.well-known/appspecific/com.chrome.devtools.json
"GET /.well-known/appspecific/com.chrome.devtools.json HTTP/1.1" 404 5073
"GET / HTTP/1.1" 200 2927
Not Found: /.well-known/appspecific/com.chrome.devtools.json
"GET /.well-known/appspecific/com.chrome.devtools.json HTTP/1.1" 404 5073
"GET /static/css/style.css HTTP/1.1" 304 0
"GET /delete/2 HTTP/1.1" 200 1240
Not Found: /.well-known/appspecific/com.chrome.devtools.json
"GET /.well-known/appspecific/com.chrome.devtools.json HTTP/1.1" 404 5073
"GET /static/css/style.css HTTP/1.1" 304 0
"POST /delete/2 HTTP/1.1" 302 0
"GET / HTTP/1.1" 200 2190
Not Found: /.well-known/appspecific/com.chrome.devtools.json
"GET /.well-known/appspecific/com.chrome.devtools.json HTTP/1.1" 404 5073
"GET /static/css/style.css HTTP/1.1" 304 0
"GET /delete/3 HTTP/1.1" 200 1242
Not Found: /.well-known/appspecific/com.chrome.devtools.json
"GET /static/css/style.css HTTP/1.1" 304 0
"GET /.well-known/appspecific/com.chrome.devtools.json HTTP/1.1" 404 5073
"POST /delete/3 HTTP/1.1" 302 0
"GET / HTTP/1.1" 200 1529
Not Found: /.well-known/appspecific/com.chrome.devtools.json
"GET /.well-known/appspecific/com.chrome.devtools.json HTTP/1.1" 404 5073
"GET /static/css/style.css HTTP/1.1" 304 0
"GET /about/ HTTP/1.1" 200 2841
Not Found: /.well-known/appspecific/com.chrome.devtools.json
"GET /.well-known/appspecific/com.chrome.devtools.json HTTP/1.1" 404 5073
"GET /static/css/style.css HTTP/1.1" 200 8492
"GET /contact HTTP/1.1" 200 1961
Not Found: /.well-known/appspecific/com.chrome.devtools.json
"GET /.well-known/appspecific/com.chrome.devtools.json HTTP/1.1" 404 5073
"GET /static/css/style.css HTTP/1.1" 304 0
"GET /about/ HTTP/1.1" 200 2841
Not Found: /.well-known/appspecific/com.chrome.devtools.json
"GET /.well-known/appspecific/com.chrome.devtools.json HTTP/1.1" 404 5073
"GET /contact HTTP/1.1" 200 1961
Not Found: /.well-known/appspecific/com.chrome.devtools.json
"GET /.well-known/appspecific/com.chrome.devtools.json HTTP/1.1" 404 5073
"GET /static/css/style.css HTTP/1.1" 304 0
"GET / HTTP/1.1" 200 1529
Not Found: /.well-known/appspecific/com.chrome.devtools.json
"GET /.well-known/appspecific/com.chrome.devtools.json HTTP/1.1" 404 5073
"GET /static/css/style.css HTTP/1.1" 304 0
"GET / HTTP/1.1" 200 1529
"GET /static/css/style.css HTTP/1.1" 200 8492
"GET /static/js/script.js HTTP/1.1" 200 4336
Not Found: /favicon.ico
"GET /favicon.ico HTTP/1.1" 404 4962
"GET /create/ HTTP/1.1" 200 1618
"GET /about/ HTTP/1.1" 200 2841
"GET /static/css/style.css HTTP/1.1" 304 0
"GET /contact HTTP/1.1" 200 1961
"GET / HTTP/1.1" 200 1529
"GET / HTTP/1.1" 200 1529
